
*************************************************************
Welcome to Sapper game.
Say your name: OK Dave, choose the field size (X x Y) (min. 5x5, max. 20x20):
X = Y = Now choose the number of mines (min. 2, max. 133): 
Splendid. Let's play.

---------------------------------------------------------------------

* * * * * * * * * * * * * * * * * * * * 
* * * * * * * * * * * * * * * * * * * * 
* * * * * * * * * * * * * * * * * * * * 
* * * * * * * * * * * * * * * * * * * * 
* * * * * * * * * * * * * * * * * * * * 
* * * * * * * * * * * * * * * * * * * * 
* * * * * * * * * * * * * * * * * * * * 
* * * * * * * * * * * * * * * * * * * * 
* * * * * * * * * * * * * * * * * * * * 
* * * * * * * * * * * * * * * * * * * * 
* * * * * * * * * * * * * * * * * * * * 
* * * * * * * * * * * * * * * * * * * * 
* * * * * * * * * * * * * * * * * * * * 
* * * * * * * * * * * * * * * * * * * * 
* * * * * * * * * * * * * * * * * * * * 
* * * * * * * * * * * * * * * * * * * * 
* * * * * * * * * * * * * * * * * * * * 
* * * * * * * * * * * * * * * * * * * * 
* * * * * * * * * * * * * * * * * * * * 
* * * * * * * * * * * * * * * * * * * * 


out of range...



* * * * * * * * * * * * * * * * * * * * 
* * * * * * * * * * * * * * * * * * * * 
* * * * * * * * * * * * * * * * * * * * 
* * * * * * * * * * * * * * * * * * * * 
* * * * * * * * * * * * * * * * * * * * 
* * * * * * * * * * * * * * * * * * * * 
* * * * * * * * * * * * * * * * * * * * 
* * * * * * * * * * * * * * * * * * * * 
* * * * * * * * * * * * * * * * * * * * 
* * * * * * * * * * * * * * * * * * * * 
* * * * * * * * * * * * * * * * * * * * 
* * * * * * * * * * * * * * * * * * * * 
* * * * * * * * * * * * * * * * * * * * 
* * * * * * * * * * * * * * * * * * * * 
* * * * * * * * * * * * * * * * * * * * 
* * * * * * * * * * * * * * * * * * * * 
* * * * * * * * * * * * * * * * * * * * 
* * * * * * * * * * * * * * * * * * * * 
* * * * * * * * * * * * * * * * * * * * 
* * * * * * * * * * * * * * * * * * * * 


out of range...



* * * * * * * * * * * * * * * * * * * * 
* * * * * * * * * * * * * * * * * * * * 
* * * * * * * * * * * * * * * * * * * * 
* * * * * * * * * * * * * * * * * * * * 
* * * * * * * * * * * * * * * * * * * * 
* * * * * * * * * * * * * * * * * * * * 
* * * * * * * * * * * * * * * * * * * * 
* * * * * * * * * * * * * * * * * * * * 
* * * * * * * * * * * * * * * * * * * * 
* * * * * * * * * * * * * * * * * * * * 
* * * * * * * * * * * * * * * * * * * * 
* * * * * * * * * * * * * * * * * * * * 
* * * * * * * * * * * * * * * * * * * * 
* * * * * * * * * * * * * * * * * * * * 
* * * * * * * * * * * * * * * * * * * * 
* * * * * * * * * * * * * * * * * * * * 
* * * * * * * * * * * * * * * * * * * * 
* * * * * * * * * * * * * * * * * * * * 
* * * * * * * * * * * * * * * * * * * * 
* * * * * * * * * * * * * * * * * * * * 


!!!   BOOOOM    !!!
     Game Over 


Want to play again? Type Y for yes.
---------------------------------------------------------------------

* * * * * * * * * * * * * * * * * * * * 
* * * * * * * * * * * * * * * * * * * * 
* * * * * * * * * * * * * * * * * * * * 
* * * * * * * * * * * * * * * * * * * * 
* * * * * * * * * * * * * * * * * * * * 
* * * * * * * * * * * * * * * * * * * * 
* * * * * * * * * * * * * * * * * * * * 
* * * * * * * * * * * * * * * * * * * * 
* * * * * * * * * * * * * * * * * * * * 
* * * * * * * * * * * * * * * * * * * * 
* * * * * * * * * * * * * * * * * * * * 
* * * * * * * * * * * * * * * * * * * * 
* * * * * * * * * * * * * * * * * * * * 
* * * * * * * * * * * * * * * * * * * * 
* * * * * * * * * * * * * * * * * * * * 
* * * * * * * * * * * * * * * * * * * * 
* * * * * * * * * * * * * * * * * * * * 
* * * * * * * * * * * * * * * * * * * * 
* * * * * * * * * * * * * * * * * * * * 
* * * * * * * * * * * * * * * * * * * * 


!!!   BOOOOM    !!!
     Game Over 


Want to play again? Type Y for yes.
---------------------------------------------------------------------

* * * * * * * * * * * * * * * * * * * * 
* * * * * * * * * * * * * * * * * * * * 
* * * * * * * * * * * * * * * * * * * * 
* * * * * * * * * * * * * * * * * * * * 
* * * * * * * * * * * * * * * * * * * * 
* * * * * * * * * * * * * * * * * * * * 
* * * * * * * * * * * * * * * * * * * * 
* * * * * * * * * * * * * * * * * * * * 
* * * * * * * * * * * * * * * * * * * * 
* * * * * * * * * * * * * * * * * * * * 
* * * * * * * * * * * * * * * * * * * * 
* * * * * * * * * * * * * * * * * * * * 
* * * * * * * * * * * * * * * * * * * * 
* * * * * * * * * * * * * * * * * * * * 
* * * * * * * * * * * * * * * * * * * * 
* * * * * * * * * * * * * * * * * * * * 
* * * * * * * * * * * * * * * * * * * * 
* * * * * * * * * * * * * * * * * * * * 
* * * * * * * * * * * * * * * * * * * * 
* * * * * * * * * * * * * * * * * * * * 


* * * * * * * * * * * * * * * * * * * * 
* * * * * * * * * * * * * * * * * * * * 
* * * * * * * * * * * * * * * * * * * * 
* * * * * * * * * * * * * * * * * * * * 
* * * * * * * * * * * * * * * * * * * * 
* * * 1 * * * * * * * * * * * * * * * * 
* * * * * * * * * * * * * * * * * * * * 
* * * * * * * * * * * * * * * * * * * * 
* * * * * * * * * * * * * * * * * * * * 
* * * * * * * * * * * * * * * * * * * * 
* * * * * * * * * * * * * * * * * * * * 
* * * * * * * * * * * * * * * * * * * * 
* * * * * * * * * * * * * * * * * * * * 
* * * * * * * * * * * * * * * * * * * * 
* * * * * * * * * * * * * * * * * * * * 
* * * * * * * * * * * * * * * * * * * * 
* * * * * * * * * * * * * * * * * * * * 
* * * * * * * * * * * * * * * * * * * * 
* * * * * * * * * * * * * * * * * * * * 
* * * * * * * * * * * * * * * * * * * * 


* * * * * * * * * * * * * * * * * * * * 
* * * * * * * * * * * * * * * * * * * * 
* * * * * * * * * * * * * * * * * * * * 
* * * * * * * * * * * * * * * * * * * * 
* * * * * * * * * * * * * * * * * * * * 
* * * 1 * * * * * * * * * * * * * * * * 
* * * 1 * * * * * * * * * * * * * * * * 
* * * * * * * * * * * * * * * * * * * * 
* * * * * * * * * * * * * * * * * * * * 
* * * * * * * * * * * * * * * * * * * * 
* * * * * * * * * * * * * * * * * * * * 
* * * * * * * * * * * * * * * * * * * * 
* * * * * * * * * * * * * * * * * * * * 
* * * * * * * * * * * * * * * * * * * * 
* * * * * * * * * * * * * * * * * * * * 
* * * * * * * * * * * * * * * * * * * * 
* * * * * * * * * * * * * * * * * * * * 
* * * * * * * * * * * * * * * * * * * * 
* * * * * * * * * * * * * * * * * * * * 
* * * * * * * * * * * * * * * * * * * * 


!!!   BOOOOM    !!!
     Game Over 


Want to play again? Type Y for yes.
Bye bye. 
