
*************************************************************
Welcome to Sapper game.
Say your name: OK Johnny, choose the field size (X x Y) (min. 5x5, max. 20x20):
X = Y = Now choose the number of mines (min. 2, max. 8): 
Splendid. Let's play.

---------------------------------------------------------------------

* * * * * 
* * * * * 
* * * * * 
* * * * * 
* * * * * 


0 * * * * 
* * * * * 
* * * * * 
* * * * * 
* * * * * 


0 * * * * 
1 * * * * 
* * * * * 
* * * * * 
* * * * * 


0 1 * * * 
1 * * * * 
* * * * * 
* * * * * 
* * * * * 


0 1 * * * 
1 2 * * * 
* * * * * 
* * * * * 
* * * * * 


0 1 * * * 
1 2 * * * 
1 * * * * 
* * * * * 
* * * * * 


0 1 * * * 
1 2 * * * 
1 * * * * 
1 * * * * 
* * * * * 


0 1 * * * 
1 2 * * * 
1 * * * * 
1 1 * * * 
* * * * * 


0 1 * * * 
1 2 * * * 
1 * * * * 
1 1 1 * * 
* * * * * 


0 1 * * * 
1 2 * * * 
1 * 2 * * 
1 1 1 * * 
* * * * * 


0 1 * * * 
1 2 * * * 
1 * 2 * * 
1 1 1 0 * 
* * * * * 


0 1 * * * 
1 2 * * * 
1 * 2 2 * 
1 1 1 0 * 
* * * * * 


0 1 * * * 
1 2 * * * 
1 * 2 2 * 
1 1 1 0 0 
* * * * * 


0 1 * * * 
1 2 * * * 
1 * 2 2 2 
1 1 1 0 0 
* * * * * 


0 1 * * * 
1 2 * * * 
1 * 2 2 2 
1 1 1 0 0 
* * * * 0 


0 1 * * * 
1 2 * * * 
1 * 2 2 2 
1 1 1 0 0 
* * * 0 0 


0 1 * * * 
1 2 * * * 
1 * 2 2 2 
1 1 1 0 0 
* * 0 0 0 


0 1 * * * 
1 2 * * * 
1 * 2 2 2 
1 1 1 0 0 
* 0 0 0 0 


0 1 * * * 
1 2 * * * 
1 * 2 2 2 
1 1 1 0 0 
0 0 0 0 0 


0 1 * * * 
1 2 4 * * 
1 * 2 2 2 
1 1 1 0 0 
0 0 0 0 0 

Good job! You survived!


Want to play again? Type Y for yes.
Bye bye. 
